2022-08-08 16:32:52,606 [Worker-2: Loading available Gradle versions] INFO  o.e.b.c.i.u.g.PublishedGradleVersions - Gradle version information cache is up-to-date. Trying to read.
2022-08-08 16:33:15,288 [Worker-6: Updating Maven Dependencies] INFO  o.e.m.c.i.l.LifecycleMappingFactory - Using org.maven.ide.eclipse.wtp.WarLifecycleMapping lifecycle mapping for MavenProject: kr.co:ictedu:1.0.0-BUILD-SNAPSHOT @ C:\Users\bitcamp\Desktop\project\0808_test\pom.xml.
2022-08-08 16:33:17,379 [Worker-8: Building] WARN  o.e.m.c.i.embedder.EclipseLogger - Using platform encoding (UTF-8 actually) to copy filtered resources, i.e. build is platform dependent!
2022-08-08 16:33:17,384 [Worker-8: Building] INFO  o.e.m.c.i.embedder.EclipseLogger - Copying 10 resources
2022-08-08 16:33:17,424 [Worker-8: Building] WARN  o.e.m.c.i.embedder.EclipseLogger - Using platform encoding (UTF-8 actually) to copy filtered resources, i.e. build is platform dependent!
2022-08-08 16:33:17,425 [Worker-8: Building] INFO  o.e.m.c.i.embedder.EclipseLogger - Copying 1 resource
2022-08-08 16:33:21,845 [Worker-7: Building] WARN  o.e.m.c.i.embedder.EclipseLogger - Using platform encoding (UTF-8 actually) to copy filtered resources, i.e. build is platform dependent!
2022-08-08 16:33:21,854 [Worker-7: Building] INFO  o.e.m.c.i.embedder.EclipseLogger - Copying 10 resources
2022-08-08 16:33:21,873 [Worker-7: Building] WARN  o.e.m.c.i.embedder.EclipseLogger - Using platform encoding (UTF-8 actually) to copy filtered resources, i.e. build is platform dependent!
2022-08-08 16:33:21,874 [Worker-7: Building] INFO  o.e.m.c.i.embedder.EclipseLogger - Copying 1 resource
2022-08-08 16:33:54,252 [Worker-11: Building] WARN  o.e.m.c.i.embedder.EclipseLogger - Using platform encoding (UTF-8 actually) to copy filtered resources, i.e. build is platform dependent!
2022-08-08 16:33:54,254 [Worker-11: Building] INFO  o.e.m.c.i.embedder.EclipseLogger - Copying 0 resource
2022-08-08 16:33:54,255 [Worker-11: Building] WARN  o.e.m.c.i.embedder.EclipseLogger - Using platform encoding (UTF-8 actually) to copy filtered resources, i.e. build is platform dependent!
2022-08-08 16:33:54,256 [Worker-11: Building] INFO  o.e.m.c.i.embedder.EclipseLogger - Copying 0 resource
2022-08-08 16:34:13,689 [Worker-4: Building] WARN  o.e.m.c.i.embedder.EclipseLogger - Using platform encoding (UTF-8 actually) to copy filtered resources, i.e. build is platform dependent!
2022-08-08 16:34:13,689 [Worker-4: Building] INFO  o.e.m.c.i.embedder.EclipseLogger - Copying 0 resource
2022-08-08 16:34:13,690 [Worker-4: Building] WARN  o.e.m.c.i.embedder.EclipseLogger - Using platform encoding (UTF-8 actually) to copy filtered resources, i.e. build is platform dependent!
2022-08-08 16:34:13,691 [Worker-4: Building] INFO  o.e.m.c.i.embedder.EclipseLogger - Copying 0 resource
2022-08-08 16:45:23,519 [Worker-13: Building] WARN  o.e.m.c.i.embedder.EclipseLogger - Using platform encoding (UTF-8 actually) to copy filtered resources, i.e. build is platform dependent!
2022-08-08 16:45:23,520 [Worker-13: Building] INFO  o.e.m.c.i.embedder.EclipseLogger - skip non existing resourceDirectory C:\Users\bitcamp\Desktop\project\0808_test\src\main\resources
2022-08-08 16:45:23,521 [Worker-13: Building] WARN  o.e.m.c.i.embedder.EclipseLogger - Using platform encoding (UTF-8 actually) to copy filtered resources, i.e. build is platform dependent!
2022-08-08 16:45:23,521 [Worker-13: Building] INFO  o.e.m.c.i.embedder.EclipseLogger - skip non existing resourceDirectory C:\Users\bitcamp\Desktop\project\0808_test\src\test\resources
2022-08-08 16:45:25,355 [Worker-13: Building] ERROR o.e.m.c.i.i.nexus.NexusIndexManager - Unable to remove kr/co/ictedu/1.0.0-BUILD-SNAPSHOT/ictedu-1.0.0-BUILD-SNAPSHOT.pom
java.io.FileNotFoundException: C:\Users\bitcamp\Desktop\project\project\.metadata\.plugins\org.eclipse.m2e.core\nexus\830bc118332e77292949ed1e6d2fabe0\_2.cfs (지정된 파일을 찾을 수 없습니다)
	at java.base/java.io.RandomAccessFile.open0(Native Method) ~[na:na]
	at java.base/java.io.RandomAccessFile.open(RandomAccessFile.java:345) ~[na:na]
	at java.base/java.io.RandomAccessFile.<init>(RandomAccessFile.java:259) ~[na:na]
	at java.base/java.io.RandomAccessFile.<init>(RandomAccessFile.java:214) ~[na:na]
	at org.apache.lucene.store.FSDirectory$FSIndexInput$Descriptor.<init>(FSDirectory.java:552) ~[na:na]
	at org.apache.lucene.store.FSDirectory$FSIndexInput.<init>(FSDirectory.java:582) ~[na:na]
	at org.apache.lucene.store.FSDirectory.openInput(FSDirectory.java:488) ~[na:na]
	at org.apache.lucene.index.CompoundFileReader.<init>(CompoundFileReader.java:70) ~[na:na]
	at org.apache.lucene.index.SegmentReader.initialize(SegmentReader.java:321) ~[na:na]
	at org.apache.lucene.index.SegmentReader.get(SegmentReader.java:306) ~[na:na]
	at org.apache.lucene.index.SegmentReader.get(SegmentReader.java:236) ~[na:na]
	at org.apache.lucene.index.DocumentsWriter.applyDeletes(DocumentsWriter.java:915) ~[na:na]
	at org.apache.lucene.index.IndexWriter.applyDeletes(IndexWriter.java:4339) ~[na:na]
	at org.apache.lucene.index.IndexWriter.doFlush(IndexWriter.java:3579) ~[na:na]
	at org.apache.lucene.index.IndexWriter.flush(IndexWriter.java:3450) ~[na:na]
	at org.apache.lucene.index.IndexWriter.prepareCommit(IndexWriter.java:3363) ~[na:na]
	at org.apache.lucene.index.IndexWriter.commit(IndexWriter.java:3408) ~[na:na]
	at org.apache.maven.index.DefaultIndexerEngine.remove(DefaultIndexerEngine.java:179) ~[na:na]
	at org.apache.maven.index.DefaultNexusIndexer.deleteArtifactFromIndex(DefaultNexusIndexer.java:350) ~[na:na]
	at org.eclipse.m2e.core.internal.index.nexus.NexusIndexManager.removeDocument(NexusIndexManager.java:621) ~[na:na]
	at org.eclipse.m2e.core.internal.index.nexus.NexusIndexManager.mavenProjectChanged(NexusIndexManager.java:759) ~[na:na]
	at org.eclipse.m2e.core.internal.project.registry.ProjectRegistryManager.notifyProjectChangeListeners(ProjectRegistryManager.java:821) ~[na:na]
	at org.eclipse.m2e.core.internal.project.registry.ProjectRegistryManager.applyMutableProjectRegistry(ProjectRegistryManager.java:985) ~[na:na]
	at org.eclipse.m2e.core.internal.project.registry.ProjectRegistryManager.refresh(ProjectRegistryManager.java:314) ~[na:na]
	at org.eclipse.m2e.core.internal.builder.MavenBuilder$BuildMethod.getProjectFacade(MavenBuilder.java:151) ~[na:na]
	at org.eclipse.m2e.core.internal.builder.MavenBuilder$BuildMethod.lambda$0(MavenBuilder.java:89) ~[na:na]
	at org.eclipse.m2e.core.internal.embedder.MavenExecutionContext.executeBare(MavenExecutionContext.java:179) ~[na:na]
	at org.eclipse.m2e.core.internal.embedder.MavenExecutionContext.execute(MavenExecutionContext.java:153) ~[na:na]
	at org.eclipse.m2e.core.internal.embedder.MavenExecutionContext.execute(MavenExecutionContext.java:101) ~[na:na]
	at org.eclipse.m2e.core.internal.builder.MavenBuilder$BuildMethod.execute(MavenBuilder.java:88) ~[na:na]
	at org.eclipse.m2e.core.internal.builder.MavenBuilder.build(MavenBuilder.java:197) ~[na:na]
	at org.eclipse.core.internal.events.BuildManager$2.run(BuildManager.java:832) ~[na:na]
	at org.eclipse.core.runtime.SafeRunner.run(SafeRunner.java:45) ~[org.eclipse.equinox.common_3.11.0.v20200206-0817.jar:na]
	at org.eclipse.core.internal.events.BuildManager.basicBuild(BuildManager.java:220) ~[na:na]
	at org.eclipse.core.internal.events.BuildManager.basicBuild(BuildManager.java:263) ~[na:na]
	at org.eclipse.core.internal.events.BuildManager$1.run(BuildManager.java:316) ~[na:na]
	at org.eclipse.core.runtime.SafeRunner.run(SafeRunner.java:45) ~[org.eclipse.equinox.common_3.11.0.v20200206-0817.jar:na]
	at org.eclipse.core.internal.events.BuildManager.basicBuild(BuildManager.java:319) ~[na:na]
	at org.eclipse.core.internal.events.BuildManager.basicBuildLoop(BuildManager.java:371) ~[na:na]
	at org.eclipse.core.internal.events.BuildManager.build(BuildManager.java:392) ~[na:na]
	at org.eclipse.core.internal.events.AutoBuildJob.doBuild(AutoBuildJob.java:154) ~[na:na]
	at org.eclipse.core.internal.events.AutoBuildJob.run(AutoBuildJob.java:244) ~[na:na]
	at org.eclipse.core.internal.jobs.Worker.run(Worker.java:63) ~[org.eclipse.core.jobs_3.10.700.v20200106-1020.jar:na]
2022-08-08 16:45:25,368 [Worker-13: Building] ERROR o.e.m.jdt.internal.BuildPathManager - Can't save classpath container state for 0808_test
java.io.FileNotFoundException: C:\Users\bitcamp\Desktop\project\project\.metadata\.plugins\org.eclipse.m2e.jdt\0808_test.container (지정된 경로를 찾을 수 없습니다)
	at java.base/java.io.FileOutputStream.open0(Native Method) ~[na:na]
	at java.base/java.io.FileOutputStream.open(FileOutputStream.java:298) ~[na:na]
	at java.base/java.io.FileOutputStream.<init>(FileOutputStream.java:237) ~[na:na]
	at java.base/java.io.FileOutputStream.<init>(FileOutputStream.java:187) ~[na:na]
	at org.eclipse.m2e.jdt.internal.BuildPathManager.saveContainerState(BuildPathManager.java:222) ~[na:na]
	at org.eclipse.m2e.jdt.internal.BuildPathManager.updateClasspath(BuildPathManager.java:211) ~[na:na]
	at org.eclipse.m2e.jdt.internal.BuildPathManager.mavenProjectChanged(BuildPathManager.java:196) ~[na:na]
	at org.eclipse.m2e.core.internal.project.registry.ProjectRegistryManager.notifyProjectChangeListeners(ProjectRegistryManager.java:821) ~[na:na]
	at org.eclipse.m2e.core.internal.project.registry.ProjectRegistryManager.applyMutableProjectRegistry(ProjectRegistryManager.java:985) ~[na:na]
	at org.eclipse.m2e.core.internal.project.registry.ProjectRegistryManager.refresh(ProjectRegistryManager.java:314) ~[na:na]
	at org.eclipse.m2e.core.internal.builder.MavenBuilder$BuildMethod.getProjectFacade(MavenBuilder.java:151) ~[na:na]
	at org.eclipse.m2e.core.internal.builder.MavenBuilder$BuildMethod.lambda$0(MavenBuilder.java:89) ~[na:na]
	at org.eclipse.m2e.core.internal.embedder.MavenExecutionContext.executeBare(MavenExecutionContext.java:179) ~[na:na]
	at org.eclipse.m2e.core.internal.embedder.MavenExecutionContext.execute(MavenExecutionContext.java:153) ~[na:na]
	at org.eclipse.m2e.core.internal.embedder.MavenExecutionContext.execute(MavenExecutionContext.java:101) ~[na:na]
	at org.eclipse.m2e.core.internal.builder.MavenBuilder$BuildMethod.execute(MavenBuilder.java:88) ~[na:na]
	at org.eclipse.m2e.core.internal.builder.MavenBuilder.build(MavenBuilder.java:197) ~[na:na]
	at org.eclipse.core.internal.events.BuildManager$2.run(BuildManager.java:832) ~[na:na]
	at org.eclipse.core.runtime.SafeRunner.run(SafeRunner.java:45) ~[org.eclipse.equinox.common_3.11.0.v20200206-0817.jar:na]
	at org.eclipse.core.internal.events.BuildManager.basicBuild(BuildManager.java:220) ~[na:na]
	at org.eclipse.core.internal.events.BuildManager.basicBuild(BuildManager.java:263) ~[na:na]
	at org.eclipse.core.internal.events.BuildManager$1.run(BuildManager.java:316) ~[na:na]
	at org.eclipse.core.runtime.SafeRunner.run(SafeRunner.java:45) ~[org.eclipse.equinox.common_3.11.0.v20200206-0817.jar:na]
	at org.eclipse.core.internal.events.BuildManager.basicBuild(BuildManager.java:319) ~[na:na]
	at org.eclipse.core.internal.events.BuildManager.basicBuildLoop(BuildManager.java:371) ~[na:na]
	at org.eclipse.core.internal.events.BuildManager.build(BuildManager.java:392) ~[na:na]
	at org.eclipse.core.internal.events.AutoBuildJob.doBuild(AutoBuildJob.java:154) ~[na:na]
	at org.eclipse.core.internal.events.AutoBuildJob.run(AutoBuildJob.java:244) ~[na:na]
	at org.eclipse.core.internal.jobs.Worker.run(Worker.java:63) ~[org.eclipse.core.jobs_3.10.700.v20200106-1020.jar:na]
2022-08-08 16:47:30,548 [Worker-1: Building] INFO  o.e.m.c.i.l.LifecycleMappingFactory - Using org.maven.ide.eclipse.wtp.WarLifecycleMapping lifecycle mapping for MavenProject: kr.co:ictedu:1.0.0-BUILD-SNAPSHOT @ C:\Users\bitcamp\Desktop\project\project\0801_mvc2\pom.xml.
2022-08-08 16:47:31,067 [Worker-1: Building] ERROR o.e.m.c.i.i.nexus.NexusIndexManager - Unable to add kr/co/ictedu/1.0.0-BUILD-SNAPSHOT/ictedu-1.0.0-BUILD-SNAPSHOT.pom
java.io.FileNotFoundException: no segments* file found in org.apache.lucene.store.FSDirectory@C:\Users\bitcamp\Desktop\project\project\.metadata\.plugins\org.eclipse.m2e.core\nexus\830bc118332e77292949ed1e6d2fabe0: files: _0.cfs _1.cfs _3.fdt _3.fdx _3.fnm _3.frq _3.nrm _3.prx _3.tii _3.tis _4.fdt _4.fdx
	at org.apache.lucene.index.SegmentInfos$FindSegmentsFile.run(SegmentInfos.java:604) ~[na:na]
	at org.apache.lucene.index.SegmentInfos.readCurrentVersion(SegmentInfos.java:366) ~[na:na]
	at org.apache.lucene.index.DirectoryIndexReader.isCurrent(DirectoryIndexReader.java:237) ~[na:na]
	at org.apache.maven.index.context.DefaultIndexingContext.getIndexReader(DefaultIndexingContext.java:456) ~[na:na]
	at org.apache.maven.index.context.DefaultIndexingContext.getIndexSearcher(DefaultIndexingContext.java:475) ~[na:na]
	at org.apache.maven.index.context.IndexUtils.getGroups(IndexUtils.java:251) ~[na:na]
	at org.apache.maven.index.context.IndexUtils.getRootGroups(IndexUtils.java:220) ~[na:na]
	at org.apache.maven.index.context.DefaultIndexingContext.getRootGroups(DefaultIndexingContext.java:785) ~[na:na]
	at org.apache.maven.index.DefaultIndexerEngine.updateGroups(DefaultIndexerEngine.java:150) ~[na:na]
	at org.apache.maven.index.DefaultIndexerEngine.update(DefaultIndexerEngine.java:82) ~[na:na]
	at org.apache.maven.index.DefaultNexusIndexer.addArtifactToIndex(DefaultNexusIndexer.java:338) ~[na:na]
	at org.eclipse.m2e.core.internal.index.nexus.NexusIndexManager.addDocument(NexusIndexManager.java:582) ~[na:na]
	at org.eclipse.m2e.core.internal.index.nexus.NexusIndexManager.mavenProjectChanged(NexusIndexManager.java:764) ~[na:na]
	at org.eclipse.m2e.core.internal.project.registry.ProjectRegistryManager.notifyProjectChangeListeners(ProjectRegistryManager.java:821) ~[na:na]
	at org.eclipse.m2e.core.internal.project.registry.ProjectRegistryManager.applyMutableProjectRegistry(ProjectRegistryManager.java:985) ~[na:na]
	at org.eclipse.m2e.core.internal.project.registry.ProjectRegistryManager.refresh(ProjectRegistryManager.java:314) ~[na:na]
	at org.eclipse.m2e.core.internal.builder.MavenBuilder$BuildMethod.getProjectFacade(MavenBuilder.java:151) ~[na:na]
	at org.eclipse.m2e.core.internal.builder.MavenBuilder$BuildMethod.lambda$0(MavenBuilder.java:89) ~[na:na]
	at org.eclipse.m2e.core.internal.embedder.MavenExecutionContext.executeBare(MavenExecutionContext.java:179) ~[na:na]
	at org.eclipse.m2e.core.internal.embedder.MavenExecutionContext.execute(MavenExecutionContext.java:153) ~[na:na]
	at org.eclipse.m2e.core.internal.embedder.MavenExecutionContext.execute(MavenExecutionContext.java:101) ~[na:na]
	at org.eclipse.m2e.core.internal.builder.MavenBuilder$BuildMethod.execute(MavenBuilder.java:88) ~[na:na]
	at org.eclipse.m2e.core.internal.builder.MavenBuilder.build(MavenBuilder.java:197) ~[na:na]
	at org.eclipse.core.internal.events.BuildManager$2.run(BuildManager.java:832) ~[na:na]
	at org.eclipse.core.runtime.SafeRunner.run(SafeRunner.java:45) ~[org.eclipse.equinox.common_3.11.0.v20200206-0817.jar:na]
	at org.eclipse.core.internal.events.BuildManager.basicBuild(BuildManager.java:220) ~[na:na]
	at org.eclipse.core.internal.events.BuildManager.basicBuild(BuildManager.java:263) ~[na:na]
	at org.eclipse.core.internal.events.BuildManager$1.run(BuildManager.java:316) ~[na:na]
	at org.eclipse.core.runtime.SafeRunner.run(SafeRunner.java:45) ~[org.eclipse.equinox.common_3.11.0.v20200206-0817.jar:na]
	at org.eclipse.core.internal.events.BuildManager.basicBuild(BuildManager.java:319) ~[na:na]
	at org.eclipse.core.internal.events.BuildManager.basicBuildLoop(BuildManager.java:371) ~[na:na]
	at org.eclipse.core.internal.events.BuildManager.build(BuildManager.java:392) ~[na:na]
	at org.eclipse.core.internal.events.AutoBuildJob.doBuild(AutoBuildJob.java:154) ~[na:na]
	at org.eclipse.core.internal.events.AutoBuildJob.run(AutoBuildJob.java:244) ~[na:na]
	at org.eclipse.core.internal.jobs.Worker.run(Worker.java:63) ~[org.eclipse.core.jobs_3.10.700.v20200106-1020.jar:na]
2022-08-08 16:47:31,143 [Worker-1: Building] ERROR o.e.m.jdt.internal.BuildPathManager - Can't save classpath container state for 0801_mvc2
java.io.FileNotFoundException: C:\Users\bitcamp\Desktop\project\project\.metadata\.plugins\org.eclipse.m2e.jdt\0801_mvc2.container (지정된 경로를 찾을 수 없습니다)
	at java.base/java.io.FileOutputStream.open0(Native Method) ~[na:na]
	at java.base/java.io.FileOutputStream.open(FileOutputStream.java:298) ~[na:na]
	at java.base/java.io.FileOutputStream.<init>(FileOutputStream.java:237) ~[na:na]
	at java.base/java.io.FileOutputStream.<init>(FileOutputStream.java:187) ~[na:na]
	at org.eclipse.m2e.jdt.internal.BuildPathManager.saveContainerState(BuildPathManager.java:222) ~[na:na]
	at org.eclipse.m2e.jdt.internal.BuildPathManager.updateClasspath(BuildPathManager.java:211) ~[na:na]
	at org.eclipse.m2e.jdt.internal.BuildPathManager.mavenProjectChanged(BuildPathManager.java:196) ~[na:na]
	at org.eclipse.m2e.core.internal.project.registry.ProjectRegistryManager.notifyProjectChangeListeners(ProjectRegistryManager.java:821) ~[na:na]
	at org.eclipse.m2e.core.internal.project.registry.ProjectRegistryManager.applyMutableProjectRegistry(ProjectRegistryManager.java:985) ~[na:na]
	at org.eclipse.m2e.core.internal.project.registry.ProjectRegistryManager.refresh(ProjectRegistryManager.java:314) ~[na:na]
	at org.eclipse.m2e.core.internal.builder.MavenBuilder$BuildMethod.getProjectFacade(MavenBuilder.java:151) ~[na:na]
	at org.eclipse.m2e.core.internal.builder.MavenBuilder$BuildMethod.lambda$0(MavenBuilder.java:89) ~[na:na]
	at org.eclipse.m2e.core.internal.embedder.MavenExecutionContext.executeBare(MavenExecutionContext.java:179) ~[na:na]
	at org.eclipse.m2e.core.internal.embedder.MavenExecutionContext.execute(MavenExecutionContext.java:153) ~[na:na]
	at org.eclipse.m2e.core.internal.embedder.MavenExecutionContext.execute(MavenExecutionContext.java:101) ~[na:na]
	at org.eclipse.m2e.core.internal.builder.MavenBuilder$BuildMethod.execute(MavenBuilder.java:88) ~[na:na]
	at org.eclipse.m2e.core.internal.builder.MavenBuilder.build(MavenBuilder.java:197) ~[na:na]
	at org.eclipse.core.internal.events.BuildManager$2.run(BuildManager.java:832) ~[na:na]
	at org.eclipse.core.runtime.SafeRunner.run(SafeRunner.java:45) ~[org.eclipse.equinox.common_3.11.0.v20200206-0817.jar:na]
	at org.eclipse.core.internal.events.BuildManager.basicBuild(BuildManager.java:220) ~[na:na]
	at org.eclipse.core.internal.events.BuildManager.basicBuild(BuildManager.java:263) ~[na:na]
	at org.eclipse.core.internal.events.BuildManager$1.run(BuildManager.java:316) ~[na:na]
	at org.eclipse.core.runtime.SafeRunner.run(SafeRunner.java:45) ~[org.eclipse.equinox.common_3.11.0.v20200206-0817.jar:na]
	at org.eclipse.core.internal.events.BuildManager.basicBuild(BuildManager.java:319) ~[na:na]
	at org.eclipse.core.internal.events.BuildManager.basicBuildLoop(BuildManager.java:371) ~[na:na]
	at org.eclipse.core.internal.events.BuildManager.build(BuildManager.java:392) ~[na:na]
	at org.eclipse.core.internal.events.AutoBuildJob.doBuild(AutoBuildJob.java:154) ~[na:na]
	at org.eclipse.core.internal.events.AutoBuildJob.run(AutoBuildJob.java:244) ~[na:na]
	at org.eclipse.core.internal.jobs.Worker.run(Worker.java:63) ~[org.eclipse.core.jobs_3.10.700.v20200106-1020.jar:na]
2022-08-08 16:47:31,239 [Worker-1: Building] WARN  o.e.m.c.i.embedder.EclipseLogger - Using platform encoding (UTF-8 actually) to copy filtered resources, i.e. build is platform dependent!
2022-08-08 16:47:31,240 [Worker-1: Building] INFO  o.e.m.c.i.embedder.EclipseLogger - Copying 5 resources
2022-08-08 16:47:31,255 [Worker-1: Building] WARN  o.e.m.c.i.embedder.EclipseLogger - Using platform encoding (UTF-8 actually) to copy filtered resources, i.e. build is platform dependent!
2022-08-08 16:47:31,256 [Worker-1: Building] INFO  o.e.m.c.i.embedder.EclipseLogger - Copying 1 resource
2022-08-08 16:47:32,080 [Worker-18: Updating Maven Dependencies] INFO  o.e.m.c.i.l.LifecycleMappingFactory - Using org.maven.ide.eclipse.wtp.WarLifecycleMapping lifecycle mapping for MavenProject: kr.co:ictedu:1.0.0-BUILD-SNAPSHOT @ C:\Users\bitcamp\Desktop\project\project\0801_mvc2\pom.xml.
2022-08-08 16:47:34,997 [Worker-18: Updating Maven Dependencies] ERROR o.e.m.c.i.i.nexus.NexusIndexManager - Unable to add kr/co/ictedu/1.0.0-BUILD-SNAPSHOT/ictedu-1.0.0-BUILD-SNAPSHOT.pom
java.io.FileNotFoundException: no segments* file found in org.apache.lucene.store.FSDirectory@C:\Users\bitcamp\Desktop\project\project\.metadata\.plugins\org.eclipse.m2e.core\nexus\830bc118332e77292949ed1e6d2fabe0: files: _0.cfs _1.cfs _3.fdt _3.fdx _3.fnm _3.frq _3.nrm _3.prx _3.tii _3.tis _4.fdt _4.fdx
	at org.apache.lucene.index.SegmentInfos$FindSegmentsFile.run(SegmentInfos.java:604) ~[na:na]
	at org.apache.lucene.index.SegmentInfos.readCurrentVersion(SegmentInfos.java:366) ~[na:na]
	at org.apache.lucene.index.DirectoryIndexReader.isCurrent(DirectoryIndexReader.java:237) ~[na:na]
	at org.apache.maven.index.context.DefaultIndexingContext.getIndexReader(DefaultIndexingContext.java:456) ~[na:na]
	at org.apache.maven.index.context.DefaultIndexingContext.getIndexSearcher(DefaultIndexingContext.java:475) ~[na:na]
	at org.apache.maven.index.context.IndexUtils.getGroups(IndexUtils.java:251) ~[na:na]
	at org.apache.maven.index.context.IndexUtils.getRootGroups(IndexUtils.java:220) ~[na:na]
	at org.apache.maven.index.context.DefaultIndexingContext.getRootGroups(DefaultIndexingContext.java:785) ~[na:na]
	at org.apache.maven.index.DefaultIndexerEngine.updateGroups(DefaultIndexerEngine.java:150) ~[na:na]
	at org.apache.maven.index.DefaultIndexerEngine.update(DefaultIndexerEngine.java:82) ~[na:na]
	at org.apache.maven.index.DefaultNexusIndexer.addArtifactToIndex(DefaultNexusIndexer.java:338) ~[na:na]
	at org.eclipse.m2e.core.internal.index.nexus.NexusIndexManager.addDocument(NexusIndexManager.java:582) ~[na:na]
	at org.eclipse.m2e.core.internal.index.nexus.NexusIndexManager.mavenProjectChanged(NexusIndexManager.java:756) ~[na:na]
	at org.eclipse.m2e.core.internal.project.registry.ProjectRegistryManager.notifyProjectChangeListeners(ProjectRegistryManager.java:821) ~[na:na]
	at org.eclipse.m2e.core.internal.project.registry.ProjectRegistryManager.applyMutableProjectRegistry(ProjectRegistryManager.java:985) ~[na:na]
	at org.eclipse.m2e.core.internal.project.registry.ProjectRegistryRefreshJob.lambda$0(ProjectRegistryRefreshJob.java:149) ~[na:na]
	at org.eclipse.m2e.core.internal.embedder.MavenExecutionContext.executeBare(MavenExecutionContext.java:179) ~[na:na]
	at org.eclipse.m2e.core.internal.embedder.MavenExecutionContext.execute(MavenExecutionContext.java:153) ~[na:na]
	at org.eclipse.m2e.core.internal.embedder.MavenExecutionContext.execute(MavenExecutionContext.java:101) ~[na:na]
	at org.eclipse.m2e.core.internal.embedder.MavenImpl.execute(MavenImpl.java:1373) ~[na:na]
	at org.eclipse.m2e.core.internal.project.registry.ProjectRegistryRefreshJob.run(ProjectRegistryRefreshJob.java:84) ~[na:na]
	at org.eclipse.core.internal.jobs.Worker.run(Worker.java:63) ~[org.eclipse.core.jobs_3.10.700.v20200106-1020.jar:na]
2022-08-08 16:47:35,056 [Worker-18: Updating Maven Dependencies] ERROR o.e.m.jdt.internal.BuildPathManager - Can't save classpath container state for 0801_mvc2
java.io.FileNotFoundException: C:\Users\bitcamp\Desktop\project\project\.metadata\.plugins\org.eclipse.m2e.jdt\0801_mvc2.container (지정된 경로를 찾을 수 없습니다)
	at java.base/java.io.FileOutputStream.open0(Native Method) ~[na:na]
	at java.base/java.io.FileOutputStream.open(FileOutputStream.java:298) ~[na:na]
	at java.base/java.io.FileOutputStream.<init>(FileOutputStream.java:237) ~[na:na]
	at java.base/java.io.FileOutputStream.<init>(FileOutputStream.java:187) ~[na:na]
	at org.eclipse.m2e.jdt.internal.BuildPathManager.saveContainerState(BuildPathManager.java:222) ~[na:na]
	at org.eclipse.m2e.jdt.internal.BuildPathManager.updateClasspath(BuildPathManager.java:211) ~[na:na]
	at org.eclipse.m2e.jdt.internal.BuildPathManager.mavenProjectChanged(BuildPathManager.java:196) ~[na:na]
	at org.eclipse.m2e.core.internal.project.registry.ProjectRegistryManager.notifyProjectChangeListeners(ProjectRegistryManager.java:821) ~[na:na]
	at org.eclipse.m2e.core.internal.project.registry.ProjectRegistryManager.applyMutableProjectRegistry(ProjectRegistryManager.java:985) ~[na:na]
	at org.eclipse.m2e.core.internal.project.registry.ProjectRegistryRefreshJob.lambda$0(ProjectRegistryRefreshJob.java:149) ~[na:na]
	at org.eclipse.m2e.core.internal.embedder.MavenExecutionContext.executeBare(MavenExecutionContext.java:179) ~[na:na]
	at org.eclipse.m2e.core.internal.embedder.MavenExecutionContext.execute(MavenExecutionContext.java:153) ~[na:na]
	at org.eclipse.m2e.core.internal.embedder.MavenExecutionContext.execute(MavenExecutionContext.java:101) ~[na:na]
	at org.eclipse.m2e.core.internal.embedder.MavenImpl.execute(MavenImpl.java:1373) ~[na:na]
	at org.eclipse.m2e.core.internal.project.registry.ProjectRegistryRefreshJob.run(ProjectRegistryRefreshJob.java:84) ~[na:na]
	at org.eclipse.core.internal.jobs.Worker.run(Worker.java:63) ~[org.eclipse.core.jobs_3.10.700.v20200106-1020.jar:na]
2022-08-08 16:47:35,757 [Worker-20: Building] WARN  o.e.m.c.i.embedder.EclipseLogger - Using platform encoding (UTF-8 actually) to copy filtered resources, i.e. build is platform dependent!
2022-08-08 16:47:35,760 [Worker-20: Building] INFO  o.e.m.c.i.embedder.EclipseLogger - Copying 5 resources
2022-08-08 16:47:35,776 [Worker-20: Building] WARN  o.e.m.c.i.embedder.EclipseLogger - Using platform encoding (UTF-8 actually) to copy filtered resources, i.e. build is platform dependent!
2022-08-08 16:47:35,778 [Worker-20: Building] INFO  o.e.m.c.i.embedder.EclipseLogger - Copying 1 resource
2022-08-08 16:48:23,482 [Worker-20: Building] WARN  o.e.m.c.i.embedder.EclipseLogger - Using platform encoding (UTF-8 actually) to copy filtered resources, i.e. build is platform dependent!
2022-08-08 16:48:23,482 [Worker-20: Building] INFO  o.e.m.c.i.embedder.EclipseLogger - Copying 0 resource
2022-08-08 16:48:23,483 [Worker-20: Building] WARN  o.e.m.c.i.embedder.EclipseLogger - Using platform encoding (UTF-8 actually) to copy filtered resources, i.e. build is platform dependent!
2022-08-08 16:48:23,484 [Worker-20: Building] INFO  o.e.m.c.i.embedder.EclipseLogger - Copying 0 resource
2022-08-09 09:13:30,672 [Worker-3: Loading available Gradle versions] INFO  o.e.b.c.i.u.g.PublishedGradleVersions - Gradle version information cache is up-to-date. Trying to read.
2022-08-09 09:14:00,962 [Worker-2: Updating Maven Dependencies] INFO  o.e.m.c.i.l.LifecycleMappingFactory - Using org.maven.ide.eclipse.wtp.WarLifecycleMapping lifecycle mapping for MavenProject: kr.co:ictedu:1.0.0-BUILD-SNAPSHOT @ C:\Users\bitcamp\Desktop\project\project\0801_mvc2\pom.xml.
2022-08-09 09:14:01,345 [Worker-0: Building] INFO  o.e.m.c.i.l.LifecycleMappingFactory - Using org.maven.ide.eclipse.wtp.WarLifecycleMapping lifecycle mapping for MavenProject: kr.co:ictedu:1.0.0-BUILD-SNAPSHOT @ C:\Users\bitcamp\Desktop\project\project\0801_mvc2\pom.xml.
2022-08-09 09:14:02,936 [Worker-0: Building] WARN  o.e.m.c.i.embedder.EclipseLogger - Using platform encoding (UTF-8 actually) to copy filtered resources, i.e. build is platform dependent!
2022-08-09 09:14:02,939 [Worker-0: Building] INFO  o.e.m.c.i.embedder.EclipseLogger - Copying 5 resources
2022-08-09 09:14:02,962 [Worker-0: Building] WARN  o.e.m.c.i.embedder.EclipseLogger - Using platform encoding (UTF-8 actually) to copy filtered resources, i.e. build is platform dependent!
2022-08-09 09:14:02,963 [Worker-0: Building] INFO  o.e.m.c.i.embedder.EclipseLogger - Copying 1 resource
2022-08-09 09:14:04,304 [Worker-5: Updating Maven Dependencies] INFO  o.e.m.c.i.l.LifecycleMappingFactory - Using org.maven.ide.eclipse.wtp.WarLifecycleMapping lifecycle mapping for MavenProject: kr.co:ictedu:1.0.0-BUILD-SNAPSHOT @ C:\Users\bitcamp\Desktop\project\project\0801_mvc2\pom.xml.
2022-08-09 09:14:05,624 [Worker-4: Building] WARN  o.e.m.c.i.embedder.EclipseLogger - Using platform encoding (UTF-8 actually) to copy filtered resources, i.e. build is platform dependent!
2022-08-09 09:14:05,628 [Worker-4: Building] INFO  o.e.m.c.i.embedder.EclipseLogger - Copying 5 resources
2022-08-09 09:14:05,645 [Worker-4: Building] WARN  o.e.m.c.i.embedder.EclipseLogger - Using platform encoding (UTF-8 actually) to copy filtered resources, i.e. build is platform dependent!
2022-08-09 09:14:05,647 [Worker-4: Building] INFO  o.e.m.c.i.embedder.EclipseLogger - Copying 1 resource
2022-08-09 09:14:47,348 [Worker-7: Building] WARN  o.e.m.c.i.embedder.EclipseLogger - Using platform encoding (UTF-8 actually) to copy filtered resources, i.e. build is platform dependent!
2022-08-09 09:14:47,348 [Worker-7: Building] INFO  o.e.m.c.i.embedder.EclipseLogger - Copying 0 resource
2022-08-09 09:14:47,349 [Worker-7: Building] WARN  o.e.m.c.i.embedder.EclipseLogger - Using platform encoding (UTF-8 actually) to copy filtered resources, i.e. build is platform dependent!
2022-08-09 09:14:47,350 [Worker-7: Building] INFO  o.e.m.c.i.embedder.EclipseLogger - Copying 0 resource
2022-08-09 09:16:52,441 [Worker-5: Loading available Gradle versions] INFO  o.e.b.c.i.u.g.PublishedGradleVersions - Gradle version information cache is up-to-date. Trying to read.
2022-08-09 09:19:37,118 [Worker-3: Building] INFO  o.e.m.c.i.l.LifecycleMappingFactory - Using org.maven.ide.eclipse.wtp.WarLifecycleMapping lifecycle mapping for MavenProject: kr.co:ictedu:1.0.0-BUILD-SNAPSHOT @ C:\Users\bitcamp\Desktop\project\project\0720_mvc2\pom.xml.
2022-08-09 09:19:37,965 [Worker-3: Building] WARN  o.e.m.c.i.embedder.EclipseLogger - Using platform encoding (UTF-8 actually) to copy filtered resources, i.e. build is platform dependent!
2022-08-09 09:19:37,971 [Worker-3: Building] INFO  o.e.m.c.i.embedder.EclipseLogger - Copying 10 resources
2022-08-09 09:19:38,002 [Worker-3: Building] WARN  o.e.m.c.i.embedder.EclipseLogger - Using platform encoding (UTF-8 actually) to copy filtered resources, i.e. build is platform dependent!
2022-08-09 09:19:38,004 [Worker-3: Building] INFO  o.e.m.c.i.embedder.EclipseLogger - Copying 1 resource
2022-08-09 09:19:38,862 [Worker-4: Updating Maven Dependencies] INFO  o.e.m.c.i.l.LifecycleMappingFactory - Using org.maven.ide.eclipse.wtp.WarLifecycleMapping lifecycle mapping for MavenProject: kr.co:ictedu:1.0.0-BUILD-SNAPSHOT @ C:\Users\bitcamp\Desktop\project\project\0720_mvc2\pom.xml.
2022-08-09 09:19:50,815 [Worker-9: Building] WARN  o.e.m.c.i.embedder.EclipseLogger - Using platform encoding (UTF-8 actually) to copy filtered resources, i.e. build is platform dependent!
2022-08-09 09:19:50,820 [Worker-9: Building] INFO  o.e.m.c.i.embedder.EclipseLogger - Copying 10 resources
2022-08-09 09:19:50,847 [Worker-9: Building] WARN  o.e.m.c.i.embedder.EclipseLogger - Using platform encoding (UTF-8 actually) to copy filtered resources, i.e. build is platform dependent!
2022-08-09 09:19:50,848 [Worker-9: Building] INFO  o.e.m.c.i.embedder.EclipseLogger - Copying 1 resource
2022-08-09 09:24:50,524 [Worker-20: Building] WARN  o.e.m.c.i.embedder.EclipseLogger - Using platform encoding (UTF-8 actually) to copy filtered resources, i.e. build is platform dependent!
2022-08-09 09:24:50,525 [Worker-20: Building] INFO  o.e.m.c.i.embedder.EclipseLogger - Copying 5 resources
2022-08-09 09:24:50,529 [Worker-20: Building] WARN  o.e.m.c.i.embedder.EclipseLogger - Using platform encoding (UTF-8 actually) to copy filtered resources, i.e. build is platform dependent!
2022-08-09 09:24:50,530 [Worker-20: Building] INFO  o.e.m.c.i.embedder.EclipseLogger - Copying 1 resource
